--- Startup times for process: Primary/TUI ---

times in msec
 clock   self+sourced   self:  sourced script
 clock   elapsed:              other lines

000.013  000.013: --- NVIM STARTING ---
000.194  000.181: event init
000.524  000.330: early init
000.736  000.211: locale set
000.848  000.112: init first window
001.669  000.821: inits 1
001.856  000.187: window checked
002.586  000.730: parsing arguments
003.825  000.321  000.321: require('vim.shared')
004.397  000.183  000.183: require('vim.inspect')
004.712  000.301  000.301: require('vim._options')
004.717  000.884  000.400: require('vim._editor')
004.721  001.311  000.107: require('vim._init_packages')
004.732  000.834: init lua interpreter
009.337  004.606: --- NVIM STARTED ---

--- Startup times for process: Embedded ---

times in msec
 clock   self+sourced   self:  sourced script
 clock   elapsed:              other lines

000.011  000.011: --- NVIM STARTING ---
000.107  000.097: event init
000.298  000.190: early init
000.422  000.124: locale set
000.499  000.077: init first window
001.019  000.519: inits 1
001.131  000.112: window checked
001.427  000.297: parsing arguments
002.443  000.314  000.314: require('vim.shared')
002.999  000.181  000.181: require('vim.inspect')
003.346  000.333  000.333: require('vim._options')
003.352  000.901  000.387: require('vim._editor')
003.356  001.317  000.103: require('vim._init_packages')
003.368  000.623: init lua interpreter
003.697  000.329: expanding arguments
003.719  000.022: inits 2
003.943  000.224: init highlight
003.949  000.006: waiting for UI
004.064  000.115: done waiting for UI
004.069  000.005: clear screen
004.378  000.040  000.040: require('vim.keymap')
006.211  001.184  001.184: require('vim.termcap')
006.429  000.170  000.170: require('vim.text')
009.057  004.984  003.589: require('vim._defaults')
009.065  000.013: init default mappings & autocommands
009.450  000.135  000.135: sourcing C:\tools\neovim\nvim-win64\share\nvim\runtime\ftplugin.vim
009.762  000.079  000.079: sourcing C:\tools\neovim\nvim-win64\share\nvim\runtime\indent.vim
010.524  000.372  000.372: require('options')
012.337  000.026  000.026: require('vim.F')
012.407  001.528  001.502: require('vim.diagnostic')
012.671  002.134  000.606: require('keymaps')
013.083  000.406  000.406: require('lazy-bootstrap')
014.582  000.346  000.346: require('lazy')
014.799  000.203  000.203: require('kickstart/plugins/gitsigns')
014.973  000.165  000.165: require('kickstart/plugins/which-key')
015.156  000.176  000.176: require('kickstart/plugins/telescope')
015.372  000.210  000.210: require('kickstart/plugins/lspconfig')
015.545  000.165  000.165: require('kickstart/plugins/conform')
015.756  000.199  000.199: require('kickstart/plugins/cmp')
015.910  000.145  000.145: require('kickstart/plugins/tokyonight')
016.046  000.128  000.128: require('kickstart/plugins/todo-comments')
016.198  000.146  000.146: require('kickstart/plugins/mini')
016.356  000.152  000.152: require('kickstart/plugins/treesitter')
016.552  000.184  000.184: require('kickstart.plugins.debug')
016.712  000.152  000.152: require('kickstart.plugins.lint')
016.865  000.146  000.146: require('kickstart.plugins.autopairs')
017.045  000.172  000.172: require('kickstart.plugins.neo-tree')
017.105  000.022  000.022: require('ffi')
017.600  000.236  000.236: require('vim.fs')
018.021  000.341  000.341: require('vim.uri')
018.057  000.945  000.368: require('vim.loader')
018.547  000.388  000.388: require('lazy.stats')
019.103  000.261  000.261: require('lazy.core.util')
019.347  000.232  000.232: require('lazy.core.config')
019.837  000.239  000.239: require('lazy.core.handler')
020.506  000.211  000.211: require('lazy.pkg')
020.519  000.438  000.227: require('lazy.core.meta')
020.529  000.683  000.245: require('lazy.core.plugin')
020.541  001.187  000.266: require('lazy.core.loader')
021.277  000.259  000.259: require('lazy.core.fragments')
032.042  000.209  000.209: require('lazy.core.handler.cmd')
032.223  000.165  000.165: require('lazy.core.handler.keys')
032.524  000.151  000.151: require('lazy.core.handler.event')
032.532  000.300  000.149: require('lazy.core.handler.ft')
033.291  000.095  000.095: sourcing C:/Users/joene/AppData/Local/nvim-data/lazy/Nvim-R/ftdetect/r.vim
035.478  000.388  000.388: require('dap.utils')
035.626  002.300  001.912: require('dap')
037.088  000.264  000.264: require('nio.tasks')
037.382  000.254  000.254: require('nio.control')
038.289  000.872  000.872: require('nio.uv')
038.895  000.567  000.567: require('nio.tests')
039.343  000.154  000.154: require('vim.ui')
039.385  000.448  000.295: require('nio.ui')
039.801  000.182  000.182: require('nio.streams')
039.837  000.420  000.238: require('nio.file')
040.539  000.177  000.177: require('nio.util')
040.815  000.764  000.587: require('nio.logger')
040.855  000.990  000.226: require('nio.lsp')
041.088  000.203  000.203: require('nio.process')
041.152  004.867  000.849: require('nio')
042.246  000.236  000.236: require('dapui.config.highlights')
042.453  000.834  000.599: require('dapui.config')
042.467  001.042  000.208: require('dapui.util')
042.744  000.270  000.270: require('dapui.windows.layout')
042.755  001.565  000.253: require('dapui.windows')
043.053  000.294  000.294: require('dapui.controls')
043.064  007.404  000.678: require('dapui')
044.288  000.422  000.422: sourcing C:\tools\neovim\nvim-win64\share/nvim/runtime/filetype.lua
050.909  000.252  000.252: require('kanagawa-paper.config')
050.924  000.674  000.423: require('kanagawa-paper')
051.117  000.176  000.176: require('kanagawa-paper.colors')
051.321  000.157  000.157: require('kanagawa-paper.themes')
051.556  000.182  000.182: require('kanagawa-paper.highlights')
051.739  000.176  000.176: require('kanagawa-paper.highlights.editor')
051.995  000.206  000.206: require('kanagawa-paper.highlights.syntax')
052.223  000.171  000.171: require('kanagawa-paper.highlights.treesitter')
052.446  000.176  000.176: require('kanagawa-paper.highlights.lsp')
052.831  000.374  000.374: require('kanagawa-paper.highlights.plugins')
053.265  000.247  000.247: require('kanagawa-paper.lib.hsluv')
053.279  000.440  000.193: require('kanagawa-paper.lib.color')
054.335  000.226  000.226: require('kanagawa-paper.highlights.ft')
055.036  004.851  001.893: sourcing C:\Users\joene\AppData\Local\nvim-data\lazy\kanagawa-paper.nvim\colors\kanagawa-paper.vim
057.365  000.199  000.199: require('tokyonight.config')
057.384  001.706  001.507: require('tokyonight')
060.465  000.137  000.137: sourcing C:/Users/joene/AppData/Local/nvim-data/lazy/lush.nvim/plugin/lush.vim
064.067  000.085  000.085: sourcing C:/Users/joene/AppData/Local/nvim-data/lazy/plenary.nvim/plugin/plenary.vim
065.873  001.696  001.696: require('alpha')
068.145  000.100  000.100: sourcing C:/Users/joene/AppData/Local/nvim-data/lazy/nvim-web-devicons/plugin/nvim-web-devicons.vim
070.680  001.832  001.832: require('nvim-web-devicons.icons-default')
070.849  004.329  002.397: require('nvim-web-devicons')
071.805  000.951  000.951: require('mini.icons')
071.820  005.656  000.376: require('alpha.utils')
072.308  000.185  000.185: require('plenary.bit')
072.468  000.151  000.151: require('plenary.functional')
072.486  000.661  000.325: require('plenary.path')
072.654  000.164  000.164: require('alpha.themes.dashboard')
072.668  006.779  000.297: require('alpha.themes.theta')
079.115  000.279  000.279: sourcing C:/Users/joene/AppData/Local/nvim-data/lazy/nvim-dap/plugin/dap.lua
081.483  000.265  000.265: require('mason-core.functional')
081.670  000.174  000.174: require('mason-core.path')
081.854  000.178  000.178: require('mason.settings')
081.884  000.997  000.380: require('mason-core.log')
081.891  002.704  001.707: require('mason-nvim-dap')
082.076  000.179  000.179: require('mason-nvim-dap.settings')
082.678  000.181  000.181: require('mason-core.EventEmitter')
082.843  000.157  000.157: require('mason-core.optional')
083.242  000.228  000.228: require('mason-core.async')
083.397  000.147  000.147: require('mason-core.async.uv')
083.406  000.557  000.182: require('mason-core.fs')
083.607  000.197  000.197: require('mason-registry.sources')
083.944  000.157  000.157: require('mason-core.functional.data')
084.110  000.160  000.160: require('mason-core.functional.function')
084.146  000.529  000.212: require('mason-core.functional.list')
084.178  001.839  000.218: require('mason-registry')
084.520  000.168  000.168: require('mason-core.functional.table')
084.529  000.347  000.179: require('mason-nvim-dap.mappings.source')
084.535  002.359  000.173: require('mason-nvim-dap.ensure_installed')
087.963  000.182  000.182: require('mason-core.functional.string')
088.257  000.172  000.172: require('mason-nvim-dap.automatic_installation')
088.465  000.191  000.191: require('mason-core.notify')
088.919  000.199  000.199: require('mason-nvim-dap.mappings.adapters')
089.105  000.176  000.176: require('mason-nvim-dap.mappings.filetypes')
103.152  013.954  013.954: require('mason-nvim-dap.mappings.configurations')
108.694  005.517  005.517: require('mason-nvim-dap.mappings.adapters.python')
109.021  000.310  000.310: require('mason-nvim-dap.automatic_setup')
109.278  000.233  000.233: require('dap.ext.vscode')
109.767  000.180  000.180: require('mason-core.functional.number')
110.061  000.280  000.280: require('mason-core.functional.logic')
110.093  000.722  000.261: require('mason-nvim-dap.api.command')
112.320  001.204  001.204: require('dapui.client.types')
112.356  001.810  000.606: require('dapui.client')
112.948  000.582  000.582: require('dap.breakpoints')
113.395  000.369  000.369: require('dapui.client.lib')
114.218  000.394  000.394: require('dapui.render.canvas')
114.235  000.777  000.383: require('dapui.elements.breakpoints')
114.456  000.196  000.196: require('dapui.components.breakpoints')
114.627  000.144  000.144: require('dapui.elements.repl')
114.770  000.134  000.134: require('dapui.elements.scopes')
114.931  000.141  000.141: require('dapui.components.scopes')
115.104  000.167  000.167: require('dapui.components.variables')
115.268  000.140  000.140: require('dapui.elements.stacks')
115.559  000.138  000.138: require('dapui.components.frames')
115.568  000.281  000.143: require('dapui.components.threads')
115.746  000.157  000.157: require('dapui.elements.watches')
115.978  000.208  000.208: require('dapui.components.watches')
116.170  000.146  000.146: require('dapui.elements.hover')
116.338  000.147  000.147: require('dapui.components.hover')
116.489  000.141  000.141: require('dapui.elements.console')
116.956  000.179  000.179: require('dap-go-ts')
116.981  000.426  000.248: require('dap-go')
120.328  000.089  000.089: sourcing C:/Users/joene/AppData/Local/nvim-data/lazy/twilight.nvim/plugin/twilight.vim
122.477  000.146  000.146: require('twilight.util')
122.533  000.361  000.216: require('twilight.config')
122.710  000.170  000.170: require('twilight.view')
122.721  002.217  001.685: require('twilight')
123.142  000.064  000.064: sourcing C:/Users/joene/AppData/Local/nvim-data/lazy/zen-mode.nvim/plugin/zen-mode.vim
125.442  000.187  000.187: require('zen-mode.util')
125.456  000.347  000.161: require('zen-mode.config')
125.786  000.158  000.158: require('zen-mode.plugins')
125.799  000.340  000.181: require('zen-mode.view')
125.808  002.472  001.785: require('zen-mode')
128.366  002.268  002.268: require('mini.surround')
129.093  000.309  000.309: require('mini.pairs')
132.352  000.170  000.170: require('ibl.utils')
132.368  000.339  000.168: require('ibl.config')
132.684  000.143  000.143: require('ibl.indent')
132.697  000.324  000.181: require('ibl.hooks')
132.701  000.849  000.186: require('ibl.highlights')
132.857  000.152  000.152: require('ibl.autocmds')
133.041  000.173  000.173: require('ibl.inlay_hints')
133.196  000.148  000.148: require('ibl.virt_text')
133.727  000.320  000.320: require('ibl.scope_languages')
133.741  000.539  000.219: require('ibl.scope')
133.751  003.855  001.993: require('ibl')
134.006  000.226  000.226: require('vim.iter')
134.581  000.271  000.271: require('vim.lsp.log')
135.039  000.447  000.447: require('vim.lsp.protocol')
135.717  000.296  000.296: require('vim.lsp._snippet_grammar')
135.937  000.204  000.204: require('vim.highlight')
135.962  000.912  000.413: require('vim.lsp.util')
136.368  000.182  000.182: require('vim.lsp.sync')
136.382  000.414  000.232: require('vim.lsp._changetracking')
136.748  000.360  000.360: require('vim.lsp.rpc')
136.864  002.822  000.417: require('vim.lsp')
137.237  000.367  000.367: require('vim.lsp.handlers')
143.000  000.318  000.318: require('nvim-treesitter.utils')
145.399  000.322  000.322: require('vim.treesitter.language')
145.590  000.173  000.173: require('vim.func')
145.812  000.210  000.210: require('vim.func._memoize')
145.881  001.169  000.464: require('vim.treesitter.query')
146.144  000.257  000.257: require('vim.treesitter._range')
146.243  001.939  000.512: require('vim.treesitter.languagetree')
146.259  002.633  000.694: require('vim.treesitter')
147.768  004.753  002.120: require('nvim-treesitter.parsers')
150.244  000.652  000.652: require('nvim-treesitter.compat')
151.152  000.585  000.585: require('nvim-treesitter.ts_utils')
151.171  000.910  000.325: require('nvim-treesitter.tsrange')
151.367  000.190  000.190: require('nvim-treesitter.caching')
151.384  002.655  000.903: require('nvim-treesitter.query')
151.404  003.163  000.508: require('nvim-treesitter.configs')
151.411  003.633  000.469: require('nvim-treesitter.info')
151.616  000.201  000.201: require('nvim-treesitter.shell_command_selectors')
151.648  009.267  000.361: require('nvim-treesitter.install')
151.808  000.155  000.155: require('nvim-treesitter.statusline')
152.048  000.234  000.234: require('nvim-treesitter.query_predicates')
152.055  012.024  002.369: require('nvim-treesitter')
152.386  012.546  000.521: sourcing C:/Users/joene/AppData/Local/nvim-data/lazy/nvim-treesitter/plugin/nvim-treesitter.lua
164.635  000.305  000.305: require('nvim-treesitter.indent')
164.968  000.252  000.252: require('nvim-treesitter.highlight')
170.763  000.156  000.156: require('luasnip.util.types')
170.962  000.180  000.180: require('luasnip.util.lazy_table')
171.172  000.197  000.197: require('luasnip.extras.filetype_functions')
171.197  000.804  000.272: require('luasnip.default_config')
171.203  001.093  000.289: require('luasnip.session')
171.216  001.407  000.314: require('luasnip.util.util')
171.776  000.339  000.339: require('luasnip.util.path')
172.279  000.192  000.192: require('luasnip.session.snippet_collection.source')
172.455  000.159  000.159: require('luasnip.util.table')
172.648  000.181  000.181: require('luasnip.util.auto_table')
172.670  000.881  000.351: require('luasnip.session.snippet_collection')
173.043  000.368  000.368: require('luasnip.util.log')
173.058  001.838  000.249: require('luasnip.loaders.util')
173.372  000.308  000.308: require('luasnip.loaders.fs_watchers')
173.579  000.197  000.197: require('luasnip.loaders.data')
173.772  000.183  000.183: require('luasnip.session.enqueueable_operations')
174.843  000.158  000.158: require('luasnip.util.ext_opts')
175.011  000.152  000.152: require('luasnip.nodes.key_indexer')
175.024  000.520  000.211: require('luasnip.nodes.util')
175.196  000.167  000.167: require('luasnip.util.events')
175.214  000.948  000.260: require('luasnip.nodes.node')
175.700  000.165  000.165: require('luasnip.util.extend_decorator')
175.715  000.496  000.331: require('luasnip.nodes.insertNode')
175.947  000.228  000.228: require('luasnip.nodes.textNode')
176.191  000.232  000.232: require('luasnip.util.mark')
176.812  000.188  000.188: require('luasnip.util.select')
177.035  000.211  000.211: require('luasnip.util.time')
177.469  001.052  000.653: require('luasnip.util._builtin_vars')
177.674  001.472  000.420: require('luasnip.util.environ')
178.034  000.350  000.350: require('luasnip.util.pattern_tokenizer')
178.295  000.248  000.248: require('luasnip.util.dict')
190.304  011.800  011.800: require('luasnip.util.jsregexp')
190.330  012.023  000.223: require('luasnip.nodes.util.trig_engines')
190.419  016.401  000.404: require('luasnip.nodes.snippet')
191.402  000.415  000.415: require('luasnip.util.parser.neovim_ast')
191.868  000.443  000.443: require('luasnip.util.str')
193.364  001.473  001.473: require('luasnip.util.jsregexp')
193.565  000.189  000.189: require('luasnip.util.directed_graph')
193.575  002.805  000.285: require('luasnip.util.parser.ast_utils')
193.802  000.222  000.222: require('luasnip.nodes.functionNode')
194.024  000.213  000.213: require('luasnip.nodes.choiceNode')
194.281  000.250  000.250: require('luasnip.nodes.dynamicNode')
194.550  000.257  000.257: require('luasnip.util.functions')
194.565  004.141  000.393: require('luasnip.util.parser.ast_parser')
194.794  000.224  000.224: require('luasnip.util.parser.neovim_parser')
194.806  021.024  000.259: require('luasnip.util.parser')
194.985  000.174  000.174: require('luasnip.nodes.snippetProxy')
195.239  000.242  000.242: require('luasnip.util.jsonc')
195.780  000.178  000.178: require('luasnip.nodes.duplicate')
195.794  000.459  000.281: require('luasnip.loaders.snippet_cache')
195.806  028.625  002.794: require('luasnip.loaders.from_vscode')
210.229  000.227  000.227: require('luasnip.nodes.multiSnippet')
211.582  000.361  000.361: require('luasnip.loaders.from_lua')
212.879  000.206  000.206: require('luasnip.loaders')
213.108  000.186  000.186: require('luasnip.config')
213.118  000.709  000.317: require('luasnip')
213.504  000.186  000.186: require('luasnip.extras')
213.515  000.391  000.205: require('luasnip.extras.fmt')
234.722  002.327  002.327: require('vim.filetype')
235.079  002.883  000.555: sourcing C:/Users/joene/AppData/Local/nvim-data/lazy/LuaSnip/plugin/luasnip.lua
235.530  000.099  000.099: sourcing C:/Users/joene/AppData/Local/nvim-data/lazy/LuaSnip/plugin/luasnip.vim
239.183  002.352  002.352: require('render-markdown')
239.826  000.173  000.173: require('render-markdown.core.range')
239.840  000.415  000.242: require('render-markdown.config')
240.212  000.182  000.182: require('render-markdown.core.util')
240.223  000.378  000.196: require('render-markdown.core.log')
240.410  000.182  000.182: require('render-markdown.presets')
240.584  000.168  000.168: require('render-markdown.core.treesitter')
240.595  001.398  000.255: require('render-markdown.state')
241.276  000.192  000.192: require('render-markdown.core.buffer_state')
241.689  000.216  000.216: require('render-markdown.core.node_info')
241.876  000.174  000.174: require('render-markdown.core.str')
241.890  000.604  000.214: require('render-markdown.core.context')
242.054  000.161  000.161: require('render-markdown.core.extmark')
242.254  000.193  000.193: require('render-markdown.core.iter')
242.634  000.191  000.191: require('render-markdown.core.list')
242.644  000.383  000.192: require('render-markdown.handler.markdown')
242.875  000.226  000.226: require('render-markdown.handler.markdown_inline')
243.062  000.180  000.180: require('render-markdown.handler.latex')
243.076  002.223  000.284: require('render-markdown.core.ui')
243.330  000.247  000.247: require('render-markdown.colors')
243.999  000.221  000.221: require('render-markdown.manager')
244.016  000.422  000.201: require('render-markdown.api')
244.022  000.612  000.190: require('render-markdown.command')
244.054  007.432  000.601: sourcing C:/Users/joene/AppData/Local/nvim-data/lazy/render-markdown.nvim/plugin/render-markdown.lua
252.613  001.613  001.613: require('mini.files')
256.144  000.556  000.556: sourcing C:/Users/joene/AppData/Local/nvim-data/lazy/vim-sleuth/plugin/sleuth.vim
261.814  000.297  000.297: require('gitsigns.async')
262.047  000.217  000.217: require('gitsigns.debug.log')
262.681  000.621  000.621: require('gitsigns.config')
262.715  004.037  002.902: require('gitsigns')
265.895  000.782  000.782: require('gitsigns.highlight')
267.229  000.479  000.479: require('gitsigns.debounce')
283.747  000.968  000.968: require('lualine_require')
286.589  007.953  006.985: require('lualine')
307.234  007.671  007.671: require('lualine.utils.mode')
339.025  003.196  003.196: require('onedark')
349.277  000.271  000.271: sourcing C:/Users/joene/AppData/Local/nvim-data/lazy/nvim-lspconfig/plugin/lspconfig.lua
350.162  000.237  000.237: require('mason-core.functional.relation')
350.205  000.525  000.288: require('mason-core.platform')
350.212  000.767  000.242: require('mason')
350.565  000.305  000.305: require('mason.api.command')
354.172  000.185  000.185: require('mason-lspconfig.settings')
354.189  003.594  003.410: require('mason-lspconfig')
354.478  000.284  000.284: require('mason-lspconfig.mappings.server')
354.646  000.157  000.157: require('mason-lspconfig.notify')
359.074  003.633  003.633: require('cmp_nvim_lsp.source')
359.095  004.332  000.699: require('cmp_nvim_lsp')
359.850  000.306  000.306: require('lspconfig.util')
360.034  000.170  000.170: require('lspconfig.async')
360.041  000.712  000.237: require('lspconfig.configs')
360.053  000.947  000.235: require('lspconfig')
360.233  000.175  000.175: require('lspconfig.configs.pyright')
361.120  000.298  000.298: require('lspconfig.manager')
361.468  000.250  000.250: require('lspconfig.configs.r_language_server')
365.227  000.321  000.321: require('lspconfig.configs.clangd')
366.294  000.246  000.246: require('lspconfig.configs.ts_ls')
367.055  000.271  000.271: require('lspconfig.configs.texlab')
367.848  000.248  000.248: require('lspconfig.configs.lua_ls')
368.452  000.213  000.213: require('lspconfig.configs.markdown_oxide')
369.133  000.213  000.213: require('lspconfig.configs.matlab_ls')
379.691  003.635  003.635: require('bamboo')
391.273  000.189  000.189: require('bamboo')
392.516  000.175  000.175: require('bamboo.palette')
392.557  000.393  000.218: require('bamboo.colors')
392.765  000.200  000.200: require('bamboo.util')
392.972  001.304  000.711: require('bamboo.highlights')
394.224  000.401  000.401: require('bamboo.terminal')
394.254  004.111  002.217: sourcing C:\Users\joene\AppData\Local\nvim-data\lazy\bamboo.nvim\colors\bamboo-multiplex.lua
406.284  000.271  000.271: sourcing C:\tools\neovim\nvim-win64\share/nvim/runtime/plugin/editorconfig.lua
406.786  000.259  000.259: sourcing C:\tools\neovim\nvim-win64\share/nvim/runtime/plugin/gzip.vim
407.278  000.224  000.224: sourcing C:\tools\neovim\nvim-win64\share/nvim/runtime/plugin/man.lua
412.876  000.314  000.314: sourcing C:\tools\neovim\nvim-win64\share\nvim\runtime\pack\dist\opt\matchit\plugin\matchit.vim
412.967  005.431  005.117: sourcing C:\tools\neovim\nvim-win64\share/nvim/runtime/plugin/matchit.vim
413.633  000.336  000.336: sourcing C:\tools\neovim\nvim-win64\share/nvim/runtime/plugin/matchparen.vim
414.389  000.484  000.484: sourcing C:\tools\neovim\nvim-win64\share/nvim/runtime/plugin/netrwPlugin.vim
414.897  000.236  000.236: sourcing C:\tools\neovim\nvim-win64\share/nvim/runtime/plugin/osc52.lua
415.838  000.664  000.664: sourcing C:\tools\neovim\nvim-win64\share/nvim/runtime/plugin/rplugin.vim
416.303  000.141  000.141: sourcing C:\tools\neovim\nvim-win64\share/nvim/runtime/plugin/shada.vim
416.651  000.073  000.073: sourcing C:\tools\neovim\nvim-win64\share/nvim/runtime/plugin/spellfile.vim
417.160  000.219  000.219: sourcing C:\tools\neovim\nvim-win64\share/nvim/runtime/plugin/tarPlugin.vim
417.727  000.281  000.281: sourcing C:\tools\neovim\nvim-win64\share/nvim/runtime/plugin/tohtml.lua
418.143  000.088  000.088: sourcing C:\tools\neovim\nvim-win64\share/nvim/runtime/plugin/tutor.vim
418.586  000.219  000.219: sourcing C:\tools\neovim\nvim-win64\share/nvim/runtime/plugin/zipPlugin.vim
437.536  004.088  004.088: require('cmp.utils.api')
437.881  000.144  000.144: require('cmp.types.cmp')
438.260  000.163  000.163: require('cmp.utils.misc')
438.274  000.386  000.223: require('cmp.types.lsp')
438.415  000.136  000.136: require('cmp.types.vim')
438.422  000.872  000.206: require('cmp.types')
438.566  000.140  000.140: require('cmp.utils.highlight')
438.863  000.147  000.147: require('cmp.utils.debug')
438.884  000.312  000.165: require('cmp.utils.autocmd')
439.196  005.971  000.560: sourcing C:/Users/joene/AppData/Local/nvim-data/lazy/nvim-cmp/plugin/cmp.lua
440.027  000.174  000.174: require('cmp.utils.char')
440.041  000.337  000.162: require('cmp.utils.str')
440.539  000.169  000.169: require('cmp.utils.buffer')
440.553  000.354  000.185: require('cmp.utils.keymap')
440.558  000.512  000.159: require('cmp.utils.feedkeys')
441.027  000.152  000.152: require('cmp.config.mapping')
441.186  000.150  000.150: require('cmp.utils.cache')
441.507  000.159  000.159: require('cmp.config.compare')
441.514  000.321  000.161: require('cmp.config.default')
441.539  000.815  000.191: require('cmp.config')
441.563  001.002  000.187: require('cmp.utils.async')
441.871  000.138  000.138: require('cmp.utils.pattern')
441.879  000.312  000.175: require('cmp.context')
442.482  000.196  000.196: require('cmp.utils.snippet')
442.653  000.163  000.163: require('cmp.matcher')
442.663  000.564  000.205: require('cmp.entry')
442.672  000.788  000.224: require('cmp.source')
443.009  000.172  000.172: require('cmp.utils.event')
443.515  000.140  000.140: require('cmp.utils.options')
443.526  000.304  000.164: require('cmp.utils.window')
443.531  000.485  000.180: require('cmp.view.docs_view')
443.736  000.201  000.201: require('cmp.view.custom_entries_view')
443.980  000.236  000.236: require('cmp.view.wildmenu_entries_view')
444.203  000.215  000.215: require('cmp.view.native_entries_view')
444.433  000.221  000.221: require('cmp.view.ghost_text_view')
444.450  001.773  000.244: require('cmp.view')
444.844  005.345  000.620: require('cmp.core')
445.261  000.287  000.287: require('cmp.config.sources')
445.437  000.167  000.167: require('cmp.config.window')
445.541  006.258  000.460: require('cmp')
445.813  000.267  000.267: require('lspkind')
447.523  028.142  015.646: require('cmp')
447.819  000.288  000.288: require('cmp_luasnip')
447.874  028.717  000.287: sourcing C:\Users\joene\AppData\Local\nvim-data\lazy\cmp_luasnip\after/plugin/cmp_luasnip.lua
448.338  000.153  000.153: sourcing C:\Users\joene\AppData\Local\nvim-data\lazy\cmp-nvim-lsp\after/plugin/cmp_nvim_lsp.lua
448.885  000.154  000.154: require('cmp_nvim_lua')
448.915  000.328  000.173: sourcing C:\Users\joene\AppData\Local\nvim-data\lazy\cmp-nvim-lua\after/plugin/cmp_nvim_lua.lua
449.913  000.140  000.140: require('cmp_buffer.timer')
449.924  000.298  000.159: require('cmp_buffer.buffer')
449.929  000.475  000.177: require('cmp_buffer.source')
449.933  000.614  000.139: require('cmp_buffer')
449.951  000.756  000.141: sourcing C:\Users\joene\AppData\Local\nvim-data\lazy\cmp-buffer\after/plugin/cmp_buffer.lua
450.523  000.170  000.170: require('cmp_path')
450.542  000.317  000.147: sourcing C:\Users\joene\AppData\Local\nvim-data\lazy\cmp-path\after/plugin/cmp_path.lua
451.212  000.208  000.208: require('cmp_cmdline')
451.266  000.421  000.213: sourcing C:\Users\joene\AppData\Local\nvim-data\lazy\cmp-cmdline\after/plugin/cmp_cmdline.lua
451.716  000.160  000.160: sourcing C:\Users\joene\AppData\Local\nvim-data\lazy\indent-blankline.nvim\after/plugin/commands.lua
451.789  438.698  218.204: require('lazy-plugins')
451.794  441.723  000.113: sourcing C:\Users\joene\AppData\Local\nvim\init.lua
451.844  000.842: sourcing vimrc file(s)
453.628  000.163  000.163: sourcing C:\tools\neovim\nvim-win64\share\nvim\runtime\filetype.lua
455.597  000.114  000.114: sourcing C:\tools\neovim\nvim-win64\share\nvim\runtime\syntax\synload.vim
455.845  001.462  001.348: sourcing C:\tools\neovim\nvim-win64\share/nvim/runtime/syntax/syntax.vim
455.873  002.405: inits 3
459.094  003.220: reading ShaDa
464.420  003.866  003.866: require('lint')
467.508  000.436  000.436: require('vim.filetype.detect')
476.070  000.406  000.406: sourcing C:\tools\neovim\nvim-win64\share\nvim\runtime\autoload\htmlcomplete.vim
476.252  001.737  001.331: sourcing C:\tools\neovim\nvim-win64\share\nvim\runtime\ftplugin\html.vim
477.320  005.853  004.116: sourcing C:\tools\neovim\nvim-win64\share\nvim\runtime\ftplugin\markdown.vim
484.657  003.739  003.739: require('markdown')
484.850  004.103  000.365: sourcing C:/Users/joene/AppData/Local/nvim-data/lazy/markdown.nvim/plugin/markdown.lua
487.359  000.221  000.221: require('markdown.config')
487.687  000.176  000.176: require('markdown.cmd')
488.015  000.145  000.145: require('markdown.treesitter')
488.165  000.144  000.144: require('markdown.util')
494.163  006.463  006.174: require('markdown.list')
494.986  000.181  000.181: require('markdown.notify')
496.227  001.822  001.641: require('markdown.link')
497.117  000.221  000.221: sourcing C:/Users/joene/AppData/Local/nvim-data/lazy/markdown-preview.nvim/plugin/mkdp.vim
508.092  000.240  000.240: sourcing C:\tools\neovim\nvim-win64\share\nvim\runtime\ftplugin\html.vim
509.118  004.553  004.314: sourcing C:\tools\neovim\nvim-win64\share\nvim\runtime\ftplugin\markdown.vim
519.682  000.264  000.264: require('vim.treesitter.highlighter')
520.059  000.223  000.223: require('luasnip.loaders.from_snipmate')
528.490  000.499  000.499: require('vim.lsp.client')
529.177  000.204  000.204: require('vim.glob')
529.198  000.466  000.261: require('vim.lsp._dynamic')
529.501  000.225  000.225: require('vim._system')
537.948  000.395  000.395: require('vim.version')
552.185  000.362  000.362: sourcing C:\tools\neovim\nvim-win64\share\nvim\runtime\syntax/dtd.vim
552.315  001.494  001.131: sourcing C:\tools\neovim\nvim-win64\share\nvim\runtime\syntax\xml.vim
554.956  000.518  000.518: sourcing C:\tools\neovim\nvim-win64\share\nvim\runtime\syntax\javascript.vim
557.508  000.881  000.881: sourcing C:\tools\neovim\nvim-win64\share\nvim\runtime\syntax\vb.vim
567.876  008.793  008.793: sourcing C:\tools\neovim\nvim-win64\share\nvim\runtime\syntax\css.vim
569.960  020.374  008.688: sourcing C:\tools\neovim\nvim-win64\share\nvim\runtime\syntax\html.vim
572.952  001.064  001.064: sourcing C:\tools\neovim\nvim-win64\share\nvim\runtime\syntax\yaml.vim
573.329  025.117  003.679: sourcing C:\tools\neovim\nvim-win64\share\nvim\runtime\syntax\markdown.vim
589.709  000.292  000.292: require('gitsigns.status')
590.281  000.326  000.326: require('gitsigns.util')
590.984  000.176  000.176: require('gitsigns.system')
590.995  000.436  000.260: require('gitsigns.git.cmd')
591.394  000.212  000.212: require('gitsigns.message')
591.406  000.406  000.193: require('gitsigns.git.version')
597.585  007.293  006.451: require('gitsigns.git.repo')
597.619  007.896  000.277: require('gitsigns.git')
598.100  000.475  000.475: require('gitsigns.cache')
598.789  000.258  000.258: require('gitsigns.diff')
599.126  000.321  000.321: require('gitsigns.hunks')
599.423  000.282  000.282: require('gitsigns.signs')
599.453  001.337  000.475: require('gitsigns.manager')
599.475  010.462  000.463: require('gitsigns.attach')
599.840  000.308  000.308: require('gitsigns.current_line_blame')
604.983  000.594  000.594: require('editorconfig')
605.736  080.376: opening buffers
612.054  000.425  000.425: require('lint.parser')
612.077  000.854  000.429: require('lint.linters.markdownlint')
623.537  016.947: BufEnter autocommands
623.556  000.019: editing files in windows
625.346  000.153  000.153: sourcing C:/Users/joene/AppData/Local/nvim-data/lazy/todo-comments.nvim/plugin/todo.vim
634.471  000.328  000.328: require('todo-comments.util')
634.517  000.786  000.458: require('todo-comments.config')
635.554  000.604  000.604: require('todo-comments.highlight')
635.581  001.056  000.452: require('todo-comments.jump')
635.591  009.924  008.082: require('todo-comments')
643.900  000.899  000.899: sourcing C:/Users/joene/AppData/Local/nvim-data/lazy/telescope.nvim/plugin/telescope.lua
651.802  000.491  000.491: require('telescope._extensions')
651.830  007.683  007.191: require('telescope')
652.292  000.455  000.455: require('telescope.themes')
653.326  000.491  000.491: require('plenary.strings')
653.701  000.356  000.356: require('telescope.deprecated')
656.698  001.014  001.014: require('plenary.log')
656.804  002.066  001.052: require('telescope.log')
659.681  000.771  000.771: require('plenary.compat')
659.733  002.030  001.259: require('plenary.job')
660.176  000.436  000.436: require('telescope.state')
660.301  003.488  001.021: require('telescope.utils')
660.338  006.620  001.066: require('telescope.sorters')
665.213  012.824  005.357: require('telescope.config')
671.335  000.685  000.685: require('telescope._extensions.ui-select')
674.386  000.193  000.193: require('plenary.tbl')
674.408  000.436  000.243: require('plenary.vararg.rotate')
674.415  000.671  000.235: require('plenary.vararg')
674.615  000.195  000.195: require('plenary.errors')
674.631  001.183  000.317: require('plenary.async.async')
675.620  000.280  000.280: require('plenary.async.structs')
675.650  000.538  000.258: require('plenary.async.control')
675.665  000.770  000.233: require('plenary.async.util')
675.674  001.035  000.264: require('plenary.async.tests')
675.681  002.990  000.772: require('plenary.async')
676.440  000.338  000.338: require('plenary.window.border')
676.829  000.370  000.370: require('plenary.window')
677.189  000.335  000.335: require('plenary.popup.utils')
677.217  001.528  000.485: require('plenary.popup')
678.401  000.363  000.363: require('telescope.pickers.scroller')
678.744  000.321  000.321: require('telescope.actions.state')
679.076  000.315  000.315: require('telescope.actions.utils')
679.715  000.311  000.311: require('telescope.actions.mt')
679.759  000.672  000.361: require('telescope.actions.set')
680.593  000.435  000.435: require('telescope.config.resolve')
680.618  000.852  000.416: require('telescope.pickers.entry_display')
681.016  000.390  000.390: require('telescope.from_entry')
681.313  003.977  001.065: require('telescope.actions')
681.755  000.433  000.433: require('telescope.debounce')
682.141  000.369  000.369: require('telescope.mappings')
682.500  000.344  000.344: require('telescope.pickers.highlights')
682.808  000.292  000.292: require('telescope.pickers.window')
683.558  000.343  000.343: require('telescope.algos.linked_list')
683.575  000.756  000.413: require('telescope.entry_manager')
683.808  000.225  000.225: require('telescope.pickers.multi')
683.844  012.470  001.556: require('telescope.pickers')
684.606  000.472  000.472: require('telescope.make_entry')
685.003  000.378  000.378: require('telescope.finders.async_static_finder')
685.905  000.258  000.258: require('plenary.class')
685.941  000.628  000.370: require('telescope._')
685.947  000.929  000.301: require('telescope.finders.async_oneshot_finder')
686.239  000.287  000.287: require('telescope.finders.async_job_finder')
686.257  002.409  000.343: require('telescope.finders')
686.603  000.321  000.321: require('telescope.builtin')
687.624  000.196  000.196: sourcing C:/Users/joene/AppData/Local/nvim-data/lazy/which-key.nvim/plugin/which-key.lua
691.934  004.182  004.182: require('which-key')
692.244  000.283  000.283: require('which-key.config')
692.936  016.897: VimEnter autocommands
693.156  000.220: UIEnter autocommands
695.582  002.426: before starting main loop
727.956  032.374: first screen update
727.970  000.014: --- NVIM STARTED ---

